TN:
SF:App.js
FN:7,(anonymous_0)
FNF:1
FNH:1
FNDA:1,(anonymous_0)
DA:7,1
DA:8,1
LF:2
LH:2
BRF:0
BRH:0
end_of_record
TN:
SF:__tests__\extras\data.js
FNF:0
FNH:0
DA:1,1
LF:1
LH:1
BRF:0
BRH:0
end_of_record
TN:
SF:__tests__\extras\helpers.js
FN:8,(anonymous_0)
FN:9,(anonymous_1)
FN:21,(anonymous_2)
FN:25,(anonymous_3)
FNF:4
FNH:4
FNDA:11,(anonymous_0)
FNDA:11,(anonymous_1)
FNDA:11,(anonymous_2)
FNDA:11,(anonymous_3)
DA:6,2
DA:8,2
DA:9,11
DA:10,11
DA:21,2
DA:25,11
DA:26,11
DA:39,11
LF:8
LH:8
BRDA:8,0,0,0
BRDA:23,1,0,0
BRDA:23,2,0,0
BRDA:23,3,0,11
BRDA:23,4,0,5
BRDA:33,5,0,11
BRDA:33,5,1,11
BRF:7
BRH:4
end_of_record
TN:
SF:src\navigator\AppStack.js
FN:9,(anonymous_0)
FNF:1
FNH:1
FNDA:1,(anonymous_0)
DA:7,1
DA:9,1
DA:10,1
LF:3
LH:3
BRF:0
BRH:0
end_of_record
TN:
SF:src\screens\MainScreen.js
FN:5,(anonymous_0)
FN:6,(anonymous_1)
FN:14,(anonymous_2)
FNF:3
FNH:3
FNDA:7,(anonymous_0)
FNDA:1,(anonymous_1)
FNDA:1,(anonymous_2)
DA:5,3
DA:6,7
DA:7,1
DA:14,7
DA:15,1
DA:20,7
LF:6
LH:6
BRF:0
BRH:0
end_of_record
TN:
SF:src\screens\SecondaryScreen.js
FN:6,(anonymous_0)
FN:15,(anonymous_1)
FNF:2
FNH:2
FNDA:7,(anonymous_0)
FNDA:1,(anonymous_1)
DA:6,3
DA:10,7
DA:12,7
DA:15,1
LF:4
LH:4
BRDA:22,0,0,7
BRDA:22,0,1,7
BRDA:27,1,0,7
BRDA:27,1,1,7
BRF:4
BRH:4
end_of_record
TN:
SF:src\screens\styles.js
FNF:0
FNH:0
DA:3,3
LF:1
LH:1
BRF:0
BRH:0
end_of_record
